Determining if the pthread_create exist failed with the following output:
Change Dir: /home/william/Epsom_catkin_ws/src/rn_bundle/rn_skills_as/cmake-build-debug/CMakeFiles/CMakeTmp

Run Build Command:"/usr/bin/make" "cmTC_2a569/fast"
/usr/bin/make -f CMakeFiles/cmTC_2a569.dir/build.make CMakeFiles/cmTC_2a569.dir/build
make[1]: Entering directory '/home/william/Epsom_catkin_ws/src/rn_bundle/rn_skills_as/cmake-build-debug/CMakeFiles/CMakeTmp'
Building C object CMakeFiles/cmTC_2a569.dir/CheckSymbolExists.c.o
/usr/bin/cc    -o CMakeFiles/cmTC_2a569.dir/CheckSymbolExists.c.o   -c /home/william/Epsom_catkin_ws/src/rn_bundle/rn_skills_as/cmake-build-debug/CMakeFiles/CMakeTmp/CheckSymbolExists.c
Linking C executable cmTC_2a569
/home/william/Clion/clion-2017.3.3/bin/cmake/bin/cmake -E cmake_link_script CMakeFiles/cmTC_2a569.dir/link.txt --verbose=1
/usr/bin/cc      -rdynamic CMakeFiles/cmTC_2a569.dir/CheckSymbolExists.c.o  -o cmTC_2a569 
CMakeFiles/cmTC_2a569.dir/CheckSymbolExists.c.o: In function `main':
CheckSymbolExists.c:(.text+0x16): undefined reference to `pthread_create'
collect2: error: ld returned 1 exit status
CMakeFiles/cmTC_2a569.dir/build.make:97: recipe for target 'cmTC_2a569' failed
make[1]: *** [cmTC_2a569] Error 1
make[1]: Leaving directory '/home/william/Epsom_catkin_ws/src/rn_bundle/rn_skills_as/cmake-build-debug/CMakeFiles/CMakeTmp'
Makefile:126: recipe for target 'cmTC_2a569/fast' failed
make: *** [cmTC_2a569/fast] Error 2

File /home/william/Epsom_catkin_ws/src/rn_bundle/rn_skills_as/cmake-build-debug/CMakeFiles/CMakeTmp/CheckSymbolExists.c:
/* */
#include <pthread.h>

int main(int argc, char** argv)
{
  (void)argv;
#ifndef pthread_create
  return ((int*)(&pthread_create))[argc];
#else
  (void)argc;
  return 0;
#endif
}

Determining if the function pthread_create exists in the pthreads failed with the following output:
Change Dir: /home/william/Epsom_catkin_ws/src/rn_bundle/rn_skills_as/cmake-build-debug/CMakeFiles/CMakeTmp

Run Build Command:"/usr/bin/make" "cmTC_90a06/fast"
/usr/bin/make -f CMakeFiles/cmTC_90a06.dir/build.make CMakeFiles/cmTC_90a06.dir/build
make[1]: Entering directory '/home/william/Epsom_catkin_ws/src/rn_bundle/rn_skills_as/cmake-build-debug/CMakeFiles/CMakeTmp'
Building C object CMakeFiles/cmTC_90a06.dir/CheckFunctionExists.c.o
/usr/bin/cc   -DCHECK_FUNCTION_EXISTS=pthread_create   -o CMakeFiles/cmTC_90a06.dir/CheckFunctionExists.c.o   -c /home/william/Clion/clion-2017.3.3/bin/cmake/share/cmake-3.9/Modules/CheckFunctionExists.c
Linking C executable cmTC_90a06
/home/william/Clion/clion-2017.3.3/bin/cmake/bin/cmake -E cmake_link_script CMakeFiles/cmTC_90a06.dir/link.txt --verbose=1
/usr/bin/cc  -DCHECK_FUNCTION_EXISTS=pthread_create    -rdynamic CMakeFiles/cmTC_90a06.dir/CheckFunctionExists.c.o  -o cmTC_90a06 -lpthreads 
/usr/bin/ld: cannot find -lpthreads
collect2: error: ld returned 1 exit status
CMakeFiles/cmTC_90a06.dir/build.make:97: recipe for target 'cmTC_90a06' failed
make[1]: *** [cmTC_90a06] Error 1
make[1]: Leaving directory '/home/william/Epsom_catkin_ws/src/rn_bundle/rn_skills_as/cmake-build-debug/CMakeFiles/CMakeTmp'
Makefile:126: recipe for target 'cmTC_90a06/fast' failed
make: *** [cmTC_90a06/fast] Error 2


